2012-03-18 11:34:15,421 [15] ERROR - Could not execute query: SELECT emailtempl0_.User_id as User2_1_, emailtempl0_.EmailJob_id as EmailJob1_1_, emailjob1_.EntityId as EntityId8_0_, emailjob1_.LastModified as LastModi2_8_0_, emailjob1_.DateCreated as DateCrea3_8_0_, emailjob1_.IsDeleted as IsDeleted8_0_, emailjob1_.CompanyId as CompanyId8_0_, emailjob1_.Name as Name8_0_, emailjob1_.Subject as Subject8_0_, emailjob1_.Sender as Sender8_0_, emailjob1_.Description as Descript9_8_0_, emailjob1_.Frequency as Frequency8_0_, emailjob1_.CreatedBy_id as CreatedBy11_8_0_, emailjob1_.ModifiedBy_id as ModifiedBy12_8_0_, emailjob1_.EmailTemplate_id as EmailTe13_8_0_, emailjob1_.EmailJobType_id as EmailJo14_8_0_ FROM EmailTemplatesToSubscribers emailtempl0_ left outer join [EmailJob] emailjob1_ on emailtempl0_.EmailJob_id=emailjob1_.EntityId WHERE emailtempl0_.User_id=@p0
System.Data.SqlClient.SqlException (0x80131904): Invalid object name 'EmailTemplatesToSubscribers'.
   at System.Data.SqlClient.SqlConnection.OnError(SqlException exception, Boolean breakConnection)
   at System.Data.SqlClient.SqlInternalConnection.OnError(SqlException exception, Boolean breakConnection)
   at System.Data.SqlClient.TdsParser.ThrowExceptionAndWarning()
   at System.Data.SqlClient.TdsParser.Run(RunBehavior runBehavior, SqlCommand cmdHandler, SqlDataReader dataStream, BulkCopySimpleResultSet bulkCopyHandler, TdsParserStateObject stateObj)
   at System.Data.SqlClient.SqlDataReader.ConsumeMetaData()
   at System.Data.SqlClient.SqlDataReader.get_MetaData()
   at System.Data.SqlClient.SqlCommand.FinishExecuteReader(SqlDataReader ds, RunBehavior runBehavior, String resetOptionsString)
   at System.Data.SqlClient.SqlCommand.RunExecuteReaderTds(CommandBehavior cmdBehavior, RunBehavior runBehavior, Boolean returnStream, Boolean async)
   at System.Data.SqlClient.SqlCommand.RunExecuteReader(CommandBehavior cmdBehavior, RunBehavior runBehavior, Boolean returnStream, String method, DbAsyncResult result)
   at System.Data.SqlClient.SqlCommand.RunExecuteReader(CommandBehavior cmdBehavior, RunBehavior runBehavior, Boolean returnStream, String method)
   at System.Data.SqlClient.SqlCommand.ExecuteReader(CommandBehavior behavior, String method)
   at System.Data.SqlClient.SqlCommand.ExecuteDbDataReader(CommandBehavior behavior)
   at System.Data.Common.DbCommand.System.Data.IDbCommand.ExecuteReader()
   at NHibernate.AdoNet.AbstractBatcher.ExecuteReader(IDbCommand cmd) in d:\CSharp\NH\NH\nhibernate\src\NHibernate\AdoNet\AbstractBatcher.cs:line 241
2012-03-18 11:34:15,439 [15] ERROR - Invalid object name 'EmailTemplatesToSubscribers'.
2012-03-18 11:34:15,449 [15] ERROR - Invalid object name 'EmailTemplatesToSubscribers'.
2012-03-18 11:34:15,795 [15] ERROR - Could not execute query: SELECT emailtempl0_.User_id as User2_1_, emailtempl0_.EmailJob_id as EmailJob1_1_, emailjob1_.EntityId as EntityId8_0_, emailjob1_.LastModified as LastModi2_8_0_, emailjob1_.DateCreated as DateCrea3_8_0_, emailjob1_.IsDeleted as IsDeleted8_0_, emailjob1_.CompanyId as CompanyId8_0_, emailjob1_.Name as Name8_0_, emailjob1_.Subject as Subject8_0_, emailjob1_.Sender as Sender8_0_, emailjob1_.Description as Descript9_8_0_, emailjob1_.Frequency as Frequency8_0_, emailjob1_.CreatedBy_id as CreatedBy11_8_0_, emailjob1_.ModifiedBy_id as ModifiedBy12_8_0_, emailjob1_.EmailTemplate_id as EmailTe13_8_0_, emailjob1_.EmailJobType_id as EmailJo14_8_0_ FROM EmailTemplatesToSubscribers emailtempl0_ left outer join [EmailJob] emailjob1_ on emailtempl0_.EmailJob_id=emailjob1_.EntityId WHERE emailtempl0_.User_id=@p0
System.Data.SqlClient.SqlException (0x80131904): Invalid object name 'EmailTemplatesToSubscribers'.
   at System.Data.SqlClient.SqlConnection.OnError(SqlException exception, Boolean breakConnection)
   at System.Data.SqlClient.SqlInternalConnection.OnError(SqlException exception, Boolean breakConnection)
   at System.Data.SqlClient.TdsParser.ThrowExceptionAndWarning()
   at System.Data.SqlClient.TdsParser.Run(RunBehavior runBehavior, SqlCommand cmdHandler, SqlDataReader dataStream, BulkCopySimpleResultSet bulkCopyHandler, TdsParserStateObject stateObj)
   at System.Data.SqlClient.SqlDataReader.ConsumeMetaData()
   at System.Data.SqlClient.SqlDataReader.get_MetaData()
   at System.Data.SqlClient.SqlCommand.FinishExecuteReader(SqlDataReader ds, RunBehavior runBehavior, String resetOptionsString)
   at System.Data.SqlClient.SqlCommand.RunExecuteReaderTds(CommandBehavior cmdBehavior, RunBehavior runBehavior, Boolean returnStream, Boolean async)
   at System.Data.SqlClient.SqlCommand.RunExecuteReader(CommandBehavior cmdBehavior, RunBehavior runBehavior, Boolean returnStream, String method, DbAsyncResult result)
   at System.Data.SqlClient.SqlCommand.RunExecuteReader(CommandBehavior cmdBehavior, RunBehavior runBehavior, Boolean returnStream, String method)
   at System.Data.SqlClient.SqlCommand.ExecuteReader(CommandBehavior behavior, String method)
   at System.Data.SqlClient.SqlCommand.ExecuteDbDataReader(CommandBehavior behavior)
   at System.Data.Common.DbCommand.System.Data.IDbCommand.ExecuteReader()
   at NHibernate.AdoNet.AbstractBatcher.ExecuteReader(IDbCommand cmd) in d:\CSharp\NH\NH\nhibernate\src\NHibernate\AdoNet\AbstractBatcher.cs:line 241
2012-03-18 11:34:15,804 [15] ERROR - Invalid object name 'EmailTemplatesToSubscribers'.
2012-03-18 11:34:15,813 [15] ERROR - Invalid object name 'EmailTemplatesToSubscribers'.
